  [1m[36mSandwich Load (0.3ms)[0m  [1mSELECT  "sandwiches".* FROM "sandwiches"  ORDER BY "sandwiches"."id" ASC LIMIT 1[0m
  [1m[36m (0.2ms)[0m  [1mbegin transaction[0m
  [1m[35mSandwich Load (0.3ms)[0m  SELECT "sandwiches".* FROM "sandwiches"
  [1m[36m (0.1ms)[0m  [1mrollback transaction[0m
  [1m[36m (2.2ms)[0m  [1mCREATE TABLE "schema_migrations" ("version" varchar NOT NULL) [0m
  [1m[35m (0.1ms)[0m  select sqlite_version(*)
  [1m[36m (2.0ms)[0m  [1mCREATE UNIQUE INDEX "unique_schema_migrations" ON "schema_migrations" ("version")[0m
  [1m[35mActiveRecord::SchemaMigration Load (0.1ms)[0m  SELECT "schema_migrations".* FROM "schema_migrations"
Migrating to CreateSandwiches (20160208151610)
  [1m[36m (0.1ms)[0m  [1mbegin transaction[0m
  [1m[35m (0.4ms)[0m  CREATE TABLE "sandwiches" ("id" INTEGER PRIMARY KEY AUTOINCREMENT NOT NULL, "name" varchar, "bread_type" varchar, "created_at" datetime NOT NULL, "updated_at" datetime NOT NULL) 
  [1m[36mSQL (0.1ms)[0m  [1mINSERT INTO "schema_migrations" ("version") VALUES (?)[0m  [["version", "20160208151610"]]
  [1m[35m (1.5ms)[0m  commit transaction
Migrating to CreateIngredients (20160208160157)
  [1m[36m (0.1ms)[0m  [1mbegin transaction[0m
  [1m[35m (0.3ms)[0m  CREATE TABLE "ingredients" ("id" INTEGER PRIMARY KEY AUTOINCREMENT NOT NULL, "name" varchar, "calories" integer, "created_at" datetime NOT NULL, "updated_at" datetime NOT NULL) 
  [1m[36mSQL (0.1ms)[0m  [1mINSERT INTO "schema_migrations" ("version") VALUES (?)[0m  [["version", "20160208160157"]]
  [1m[35m (1.8ms)[0m  commit transaction
  [1m[36mActiveRecord::SchemaMigration Load (0.1ms)[0m  [1mSELECT "schema_migrations".* FROM "schema_migrations"[0m
  [1m[36m (0.2ms)[0m  [1mbegin transaction[0m
  [1m[35mSandwich Load (0.8ms)[0m  SELECT "sandwiches".* FROM "sandwiches"
  [1m[36m (0.1ms)[0m  [1mSAVEPOINT active_record_1[0m
  [1m[35mSQL (0.3ms)[0m  INSERT INTO "sandwiches" ("created_at", "updated_at") VALUES (?, ?)  [["created_at", "2016-05-09 12:52:57.980301"], ["updated_at", "2016-05-09 12:52:57.980301"]]
  [1m[36m (0.1ms)[0m  [1mRELEASE SAVEPOINT active_record_1[0m
  [1m[35m (0.1ms)[0m  SAVEPOINT active_record_1
  [1m[36mSQL (0.4ms)[0m  [1mINSERT INTO "sandwiches" ("name", "bread_type", "created_at", "updated_at") VALUES (?, ?, ?, ?)[0m  [["name", "rubia"], ["bread_type", "pasado"], ["created_at", "2016-05-09 12:54:05.180776"], ["updated_at", "2016-05-09 12:54:05.180776"]]
  [1m[35m (0.1ms)[0m  RELEASE SAVEPOINT active_record_1
  [1m[36m (0.0ms)[0m  [1mSAVEPOINT active_record_1[0m
  [1m[35mSQL (0.7ms)[0m  INSERT INTO "ingredients" ("name", "calories", "created_at", "updated_at") VALUES (?, ?, ?, ?)  [["name", "tetas"], ["calories", 200], ["created_at", "2016-05-09 12:54:57.260130"], ["updated_at", "2016-05-09 12:54:57.260130"]]
  [1m[36m (0.1ms)[0m  [1mRELEASE SAVEPOINT active_record_1[0m
  [1m[35mSandwich Load (0.1ms)[0m  SELECT  "sandwiches".* FROM "sandwiches"  ORDER BY "sandwiches"."id" ASC LIMIT 1
  [1m[36mIngredient Load (0.2ms)[0m  [1mSELECT  "ingredients".* FROM "ingredients"  ORDER BY "ingredients"."id" ASC LIMIT 1[0m
  [1m[36mActiveRecord::SchemaMigration Load (0.1ms)[0m  [1mSELECT "schema_migrations".* FROM "schema_migrations"[0m
Migrating to CreateSandwidchIngredients (20160509125633)
  [1m[35m (0.1ms)[0m  begin transaction
  [1m[36m (0.6ms)[0m  [1mCREATE TABLE "sandwidch_ingredients" ("id" INTEGER PRIMARY KEY AUTOINCREMENT NOT NULL, "ingredient_id" integer, "sandwidch_id" integer, "created_at" datetime NOT NULL, "updated_at" datetime NOT NULL) [0m
  [1m[35m (0.1ms)[0m  rollback transaction
  [1m[36m (2.1ms)[0m  [1mCREATE TABLE "schema_migrations" ("version" varchar NOT NULL) [0m
  [1m[35m (0.1ms)[0m  select sqlite_version(*)
  [1m[36m (2.1ms)[0m  [1mCREATE UNIQUE INDEX "unique_schema_migrations" ON "schema_migrations" ("version")[0m
  [1m[35mActiveRecord::SchemaMigration Load (0.1ms)[0m  SELECT "schema_migrations".* FROM "schema_migrations"
Migrating to CreateSandwiches (20160208151610)
  [1m[36m (0.1ms)[0m  [1mbegin transaction[0m
  [1m[35m (0.3ms)[0m  CREATE TABLE "sandwiches" ("id" INTEGER PRIMARY KEY AUTOINCREMENT NOT NULL, "name" varchar, "bread_type" varchar, "created_at" datetime NOT NULL, "updated_at" datetime NOT NULL) 
  [1m[36mSQL (0.1ms)[0m  [1mINSERT INTO "schema_migrations" ("version") VALUES (?)[0m  [["version", "20160208151610"]]
  [1m[35m (1.9ms)[0m  commit transaction
Migrating to CreateIngredients (20160208160157)
  [1m[36m (0.1ms)[0m  [1mbegin transaction[0m
  [1m[35m (0.3ms)[0m  CREATE TABLE "ingredients" ("id" INTEGER PRIMARY KEY AUTOINCREMENT NOT NULL, "name" varchar, "calories" integer, "created_at" datetime NOT NULL, "updated_at" datetime NOT NULL) 
  [1m[36mSQL (0.1ms)[0m  [1mINSERT INTO "schema_migrations" ("version") VALUES (?)[0m  [["version", "20160208160157"]]
  [1m[35m (1.5ms)[0m  commit transaction
Migrating to CreateSandwidchIngredients (20160509125633)
  [1m[36m (0.1ms)[0m  [1mbegin transaction[0m
  [1m[35m (0.3ms)[0m  CREATE TABLE "sandwidch_ingredients" ("id" INTEGER PRIMARY KEY AUTOINCREMENT NOT NULL, "ingredient_id" integer, "sandwidch_id" integer, "created_at" datetime NOT NULL, "updated_at" datetime NOT NULL) 
  [1m[36m (0.1ms)[0m  [1mCREATE  INDEX "index_sandwidch_ingredients_on_ingredient_id" ON "sandwidch_ingredients" ("ingredient_id")[0m
  [1m[35m (0.1ms)[0m              SELECT sql
            FROM sqlite_master
            WHERE name='index_sandwidch_ingredients_on_ingredient_id' AND type='index'
            UNION ALL
            SELECT sql
            FROM sqlite_temp_master
            WHERE name='index_sandwidch_ingredients_on_ingredient_id' AND type='index'

  [1m[36m (0.1ms)[0m  [1mCREATE  INDEX "index_sandwidch_ingredients_on_sandwidch_id" ON "sandwidch_ingredients" ("sandwidch_id")[0m
  [1m[35mSQL (0.1ms)[0m  INSERT INTO "schema_migrations" ("version") VALUES (?)  [["version", "20160509125633"]]
  [1m[36m (1.5ms)[0m  [1mcommit transaction[0m
  [1m[35mActiveRecord::SchemaMigration Load (0.1ms)[0m  SELECT "schema_migrations".* FROM "schema_migrations"
  [1m[36m (0.1ms)[0m  [1m            SELECT sql
            FROM sqlite_master
            WHERE name='index_sandwidch_ingredients_on_sandwidch_id' AND type='index'
            UNION ALL
            SELECT sql
            FROM sqlite_temp_master
            WHERE name='index_sandwidch_ingredients_on_sandwidch_id' AND type='index'
[0m
  [1m[35m (0.1ms)[0m              SELECT sql
            FROM sqlite_master
            WHERE name='index_sandwidch_ingredients_on_ingredient_id' AND type='index'
            UNION ALL
            SELECT sql
            FROM sqlite_temp_master
            WHERE name='index_sandwidch_ingredients_on_ingredient_id' AND type='index'

  [1m[35mSandwich Load (0.1ms)[0m  SELECT  "sandwiches".* FROM "sandwiches"  ORDER BY "sandwiches"."id" ASC LIMIT 1
  [1m[36m (0.1ms)[0m  [1mbegin transaction[0m
  [1m[35mSQL (0.6ms)[0m  INSERT INTO "sandwiches" ("name", "bread_type", "created_at", "updated_at") VALUES (?, ?, ?, ?)  [["name", "rubia"], ["bread_type", "pasado"], ["created_at", "2016-05-09 13:01:24.134108"], ["updated_at", "2016-05-09 13:01:24.134108"]]
  [1m[36m (1.5ms)[0m  [1mcommit transaction[0m
  [1m[35m (0.1ms)[0m  begin transaction
  [1m[36mSQL (2.4ms)[0m  [1mINSERT INTO "ingredients" ("name", "calories", "created_at", "updated_at") VALUES (?, ?, ?, ?)[0m  [["name", "tetas"], ["calories", 200], ["created_at", "2016-05-09 13:01:28.595335"], ["updated_at", "2016-05-09 13:01:28.595335"]]
  [1m[35m (6.1ms)[0m  commit transaction
  [1m[36mSandwich Load (0.2ms)[0m  [1mSELECT  "sandwiches".* FROM "sandwiches"  ORDER BY "sandwiches"."id" ASC LIMIT 1[0m
  [1m[35mIngredient Load (0.2ms)[0m  SELECT  "ingredients".* FROM "ingredients"  ORDER BY "ingredients"."id" ASC LIMIT 1
  [1m[36mIngredient Load (0.1ms)[0m  [1mSELECT  "ingredients".* FROM "ingredients"  ORDER BY "ingredients"."id" ASC LIMIT 1[0m
  [1m[35mSandwich Load (0.1ms)[0m  SELECT  "sandwiches".* FROM "sandwiches"  ORDER BY "sandwiches"."id" ASC LIMIT 1
  [1m[36m (1.8ms)[0m  [1mCREATE TABLE "schema_migrations" ("version" varchar NOT NULL) [0m
  [1m[35m (0.1ms)[0m  select sqlite_version(*)
  [1m[36m (1.7ms)[0m  [1mCREATE UNIQUE INDEX "unique_schema_migrations" ON "schema_migrations" ("version")[0m
  [1m[35mActiveRecord::SchemaMigration Load (0.1ms)[0m  SELECT "schema_migrations".* FROM "schema_migrations"
Migrating to CreateSandwiches (20160208151610)
  [1m[36m (0.1ms)[0m  [1mbegin transaction[0m
  [1m[35m (0.3ms)[0m  CREATE TABLE "sandwiches" ("id" INTEGER PRIMARY KEY AUTOINCREMENT NOT NULL, "name" varchar, "bread_type" varchar, "created_at" datetime NOT NULL, "updated_at" datetime NOT NULL) 
  [1m[36mSQL (0.2ms)[0m  [1mINSERT INTO "schema_migrations" ("version") VALUES (?)[0m  [["version", "20160208151610"]]
  [1m[35m (1.6ms)[0m  commit transaction
Migrating to CreateIngredients (20160208160157)
  [1m[36m (0.1ms)[0m  [1mbegin transaction[0m
  [1m[35m (0.3ms)[0m  CREATE TABLE "ingredients" ("id" INTEGER PRIMARY KEY AUTOINCREMENT NOT NULL, "name" varchar, "calories" integer, "created_at" datetime NOT NULL, "updated_at" datetime NOT NULL) 
  [1m[36mSQL (0.1ms)[0m  [1mINSERT INTO "schema_migrations" ("version") VALUES (?)[0m  [["version", "20160208160157"]]
  [1m[35m (1.5ms)[0m  commit transaction
Migrating to CreateSandwidchIngredients (20160509125633)
  [1m[36m (1.8ms)[0m  [1mCREATE TABLE "schema_migrations" ("version" varchar NOT NULL) [0m
  [1m[35m (0.1ms)[0m  select sqlite_version(*)
  [1m[36m (1.2ms)[0m  [1mCREATE UNIQUE INDEX "unique_schema_migrations" ON "schema_migrations" ("version")[0m
  [1m[35mActiveRecord::SchemaMigration Load (0.1ms)[0m  SELECT "schema_migrations".* FROM "schema_migrations"
Migrating to CreateSandwiches (20160208151610)
  [1m[36m (0.1ms)[0m  [1mbegin transaction[0m
  [1m[35m (0.3ms)[0m  CREATE TABLE "sandwiches" ("id" INTEGER PRIMARY KEY AUTOINCREMENT NOT NULL, "name" varchar, "bread_type" varchar, "created_at" datetime NOT NULL, "updated_at" datetime NOT NULL) 
  [1m[36mSQL (0.2ms)[0m  [1mINSERT INTO "schema_migrations" ("version") VALUES (?)[0m  [["version", "20160208151610"]]
  [1m[35m (1.4ms)[0m  commit transaction
Migrating to CreateIngredients (20160208160157)
  [1m[36m (0.1ms)[0m  [1mbegin transaction[0m
  [1m[35m (0.6ms)[0m  CREATE TABLE "ingredients" ("id" INTEGER PRIMARY KEY AUTOINCREMENT NOT NULL, "name" varchar, "calories" integer, "created_at" datetime NOT NULL, "updated_at" datetime NOT NULL) 
  [1m[36mSQL (0.1ms)[0m  [1mINSERT INTO "schema_migrations" ("version") VALUES (?)[0m  [["version", "20160208160157"]]
  [1m[35m (1.5ms)[0m  commit transaction
Migrating to CreateSandwichIngredients (20160509130647)
  [1m[36m (0.1ms)[0m  [1mbegin transaction[0m
  [1m[35m (0.3ms)[0m  CREATE TABLE "sandwich_ingredients" ("id" INTEGER PRIMARY KEY AUTOINCREMENT NOT NULL, "ingredient_id" integer, "sandwich_id" integer, "created_at" datetime NOT NULL, "updated_at" datetime NOT NULL) 
  [1m[36m (0.1ms)[0m  [1mCREATE  INDEX "index_sandwich_ingredients_on_ingredient_id" ON "sandwich_ingredients" ("ingredient_id")[0m
  [1m[35m (0.1ms)[0m              SELECT sql
            FROM sqlite_master
            WHERE name='index_sandwich_ingredients_on_ingredient_id' AND type='index'
            UNION ALL
            SELECT sql
            FROM sqlite_temp_master
            WHERE name='index_sandwich_ingredients_on_ingredient_id' AND type='index'

  [1m[36m (0.1ms)[0m  [1mCREATE  INDEX "index_sandwich_ingredients_on_sandwich_id" ON "sandwich_ingredients" ("sandwich_id")[0m
  [1m[35mSQL (0.1ms)[0m  INSERT INTO "schema_migrations" ("version") VALUES (?)  [["version", "20160509130647"]]
  [1m[36m (1.5ms)[0m  [1mcommit transaction[0m
  [1m[35mActiveRecord::SchemaMigration Load (0.1ms)[0m  SELECT "schema_migrations".* FROM "schema_migrations"
  [1m[36m (0.1ms)[0m  [1m            SELECT sql
            FROM sqlite_master
            WHERE name='index_sandwich_ingredients_on_sandwich_id' AND type='index'
            UNION ALL
            SELECT sql
            FROM sqlite_temp_master
            WHERE name='index_sandwich_ingredients_on_sandwich_id' AND type='index'
[0m
  [1m[35m (0.1ms)[0m              SELECT sql
            FROM sqlite_master
            WHERE name='index_sandwich_ingredients_on_ingredient_id' AND type='index'
            UNION ALL
            SELECT sql
            FROM sqlite_temp_master
            WHERE name='index_sandwich_ingredients_on_ingredient_id' AND type='index'

  [1m[36mSandwich Load (0.1ms)[0m  [1mSELECT  "sandwiches".* FROM "sandwiches"  ORDER BY "sandwiches"."id" ASC LIMIT 1[0m
  [1m[35m (0.1ms)[0m  begin transaction
  [1m[36mSQL (0.3ms)[0m  [1mINSERT INTO "sandwiches" ("name", "bread_type", "created_at", "updated_at") VALUES (?, ?, ?, ?)[0m  [["name", "rubia"], ["bread_type", "pasado"], ["created_at", "2016-05-09 13:08:20.106782"], ["updated_at", "2016-05-09 13:08:20.106782"]]
  [1m[35m (1.5ms)[0m  commit transaction
  [1m[36m (0.0ms)[0m  [1mbegin transaction[0m
  [1m[35mSQL (0.3ms)[0m  INSERT INTO "ingredients" ("name", "calories", "created_at", "updated_at") VALUES (?, ?, ?, ?)  [["name", "tetas"], ["calories", 200], ["created_at", "2016-05-09 13:08:26.727986"], ["updated_at", "2016-05-09 13:08:26.727986"]]
  [1m[36m (1.5ms)[0m  [1mcommit transaction[0m
  [1m[35mSandwich Load (0.2ms)[0m  SELECT  "sandwiches".* FROM "sandwiches"  ORDER BY "sandwiches"."id" ASC LIMIT 1
  [1m[36mIngredient Load (0.2ms)[0m  [1mSELECT  "ingredients".* FROM "ingredients"  ORDER BY "ingredients"."id" ASC LIMIT 1[0m
  [1m[36m (2.0ms)[0m  [1mCREATE TABLE "schema_migrations" ("version" varchar NOT NULL) [0m
  [1m[35m (0.1ms)[0m  select sqlite_version(*)
  [1m[36m (2.0ms)[0m  [1mCREATE UNIQUE INDEX "unique_schema_migrations" ON "schema_migrations" ("version")[0m
  [1m[35mActiveRecord::SchemaMigration Load (0.1ms)[0m  SELECT "schema_migrations".* FROM "schema_migrations"
Migrating to CreateSandwiches (20160208151610)
  [1m[36m (0.1ms)[0m  [1mbegin transaction[0m
  [1m[35m (0.4ms)[0m  CREATE TABLE "sandwiches" ("id" INTEGER PRIMARY KEY AUTOINCREMENT NOT NULL, "name" varchar, "bread_type" varchar, "created_at" datetime NOT NULL, "updated_at" datetime NOT NULL) 
  [1m[36mSQL (0.1ms)[0m  [1mINSERT INTO "schema_migrations" ("version") VALUES (?)[0m  [["version", "20160208151610"]]
  [1m[35m (1.5ms)[0m  commit transaction
Migrating to CreateIngredients (20160208160157)
  [1m[36m (0.1ms)[0m  [1mbegin transaction[0m
  [1m[35m (0.3ms)[0m  CREATE TABLE "ingredients" ("id" INTEGER PRIMARY KEY AUTOINCREMENT NOT NULL, "name" varchar, "calories" integer, "created_at" datetime NOT NULL, "updated_at" datetime NOT NULL) 
  [1m[36mSQL (0.3ms)[0m  [1mINSERT INTO "schema_migrations" ("version") VALUES (?)[0m  [["version", "20160208160157"]]
  [1m[35m (1.5ms)[0m  commit transaction
Migrating to CreateSandwichIngredients (20160509130647)
  [1m[36m (0.1ms)[0m  [1mbegin transaction[0m
  [1m[35m (0.3ms)[0m  CREATE TABLE "sandwich_ingredients" ("id" INTEGER PRIMARY KEY AUTOINCREMENT NOT NULL, "ingredient_id" integer, "sandwich_id" integer, "created_at" datetime NOT NULL, "updated_at" datetime NOT NULL) 
  [1m[36m (0.1ms)[0m  [1mCREATE  INDEX "index_sandwich_ingredients_on_ingredient_id" ON "sandwich_ingredients" ("ingredient_id")[0m
  [1m[35m (0.1ms)[0m              SELECT sql
            FROM sqlite_master
            WHERE name='index_sandwich_ingredients_on_ingredient_id' AND type='index'
            UNION ALL
            SELECT sql
            FROM sqlite_temp_master
            WHERE name='index_sandwich_ingredients_on_ingredient_id' AND type='index'

  [1m[36m (0.1ms)[0m  [1mCREATE  INDEX "index_sandwich_ingredients_on_sandwich_id" ON "sandwich_ingredients" ("sandwich_id")[0m
  [1m[35mSQL (0.1ms)[0m  INSERT INTO "schema_migrations" ("version") VALUES (?)  [["version", "20160509130647"]]
  [1m[36m (1.5ms)[0m  [1mcommit transaction[0m
  [1m[35mActiveRecord::SchemaMigration Load (0.1ms)[0m  SELECT "schema_migrations".* FROM "schema_migrations"
  [1m[36m (0.1ms)[0m  [1m            SELECT sql
            FROM sqlite_master
            WHERE name='index_sandwich_ingredients_on_sandwich_id' AND type='index'
            UNION ALL
            SELECT sql
            FROM sqlite_temp_master
            WHERE name='index_sandwich_ingredients_on_sandwich_id' AND type='index'
[0m
  [1m[35m (0.1ms)[0m              SELECT sql
            FROM sqlite_master
            WHERE name='index_sandwich_ingredients_on_ingredient_id' AND type='index'
            UNION ALL
            SELECT sql
            FROM sqlite_temp_master
            WHERE name='index_sandwich_ingredients_on_ingredient_id' AND type='index'

  [1m[35m (0.0ms)[0m  begin transaction
  [1m[36mSQL (0.3ms)[0m  [1mINSERT INTO "sandwiches" ("name", "bread_type", "created_at", "updated_at") VALUES (?, ?, ?, ?)[0m  [["name", "rubia"], ["bread_type", "pasado"], ["created_at", "2016-05-09 13:11:22.680475"], ["updated_at", "2016-05-09 13:11:22.680475"]]
  [1m[35m (1.6ms)[0m  commit transaction
  [1m[36m (0.1ms)[0m  [1mbegin transaction[0m
  [1m[35mSQL (0.4ms)[0m  INSERT INTO "ingredients" ("name", "calories", "created_at", "updated_at") VALUES (?, ?, ?, ?)  [["name", "tetas"], ["calories", 200], ["created_at", "2016-05-09 13:11:26.163686"], ["updated_at", "2016-05-09 13:11:26.163686"]]
  [1m[36m (1.5ms)[0m  [1mcommit transaction[0m
  [1m[35mSandwich Load (0.2ms)[0m  SELECT  "sandwiches".* FROM "sandwiches"  ORDER BY "sandwiches"."id" ASC LIMIT 1
  [1m[36mIngredient Load (0.2ms)[0m  [1mSELECT  "ingredients".* FROM "ingredients"  ORDER BY "ingredients"."id" ASC LIMIT 1[0m
  [1m[35m (0.0ms)[0m  begin transaction
  [1m[36mSQL (0.3ms)[0m  [1mINSERT INTO "sandwich_ingredients" ("sandwich_id", "ingredient_id", "created_at", "updated_at") VALUES (?, ?, ?, ?)[0m  [["sandwich_id", 1], ["ingredient_id", 1], ["created_at", "2016-05-09 13:11:40.326208"], ["updated_at", "2016-05-09 13:11:40.326208"]]
  [1m[35m (1.8ms)[0m  commit transaction
  [1m[36mIngredient Load (0.2ms)[0m  [1mSELECT "ingredients".* FROM "ingredients" INNER JOIN "sandwich_ingredients" ON "ingredients"."id" = "sandwich_ingredients"."ingredient_id" WHERE "sandwich_ingredients"."sandwich_id" = ?[0m  [["sandwich_id", 1]]


Started GET "/rails/info/routes" for ::1 at 2016-05-09 15:15:07 +0200
  [1m[36mActiveRecord::SchemaMigration Load (0.1ms)[0m  [1mSELECT "schema_migrations".* FROM "schema_migrations"[0m
Processing by Rails::InfoController#routes as HTML
  Rendered /Users/Jarvis001/.rvm/gems/ruby-2.3.0/gems/actionpack-4.2.5/lib/action_dispatch/middleware/templates/routes/_route.html.erb (1.2ms)
  Rendered /Users/Jarvis001/.rvm/gems/ruby-2.3.0/gems/actionpack-4.2.5/lib/action_dispatch/middleware/templates/routes/_table.html.erb (7.6ms)
  Rendered /Users/Jarvis001/.rvm/gems/ruby-2.3.0/gems/railties-4.2.5/lib/rails/templates/rails/info/routes.html.erb within layouts/application (16.7ms)
Completed 200 OK in 28ms (Views: 27.6ms | ActiveRecord: 0.0ms)


Started GET "/sandwiches/1" for ::1 at 2016-05-09 15:15:28 +0200
Processing by SandwichesController#show as */*
  Parameters: {"id"=>"1"}
  [1m[35mSandwich Load (0.3ms)[0m  SELECT  "sandwiches".* FROM "sandwiches" WHERE "sandwiches"."id" = ? LIMIT 1  [["id", 1]]
Completed 200 OK in 26ms (Views: 1.0ms | ActiveRecord: 0.9ms)


Started GET "/sandwiches/1" for ::1 at 2016-05-09 15:16:32 +0200
Processing by SandwichesController#show as */*
  Parameters: {"id"=>"1"}
Completed 500 Internal Server Error in 1ms (ActiveRecord: 0.0ms)

SyntaxError (/Users/Jarvis001/Ironhack/Bootcamp/Week6/Day26/sandwichr/app/models/sandwich.rb:6: syntax error, unexpected ']'
    super(include: [ingredients:])
                                 ^):
  app/models/sandwich.rb:6: syntax error, unexpected ']'
  app/controllers/sandwiches_controller.rb:13:in `show'


  Rendered /Users/Jarvis001/.rvm/gems/ruby-2.3.0/gems/actionpack-4.2.5/lib/action_dispatch/middleware/templates/rescues/_source.erb (3.8ms)
  Rendered /Users/Jarvis001/.rvm/gems/ruby-2.3.0/gems/actionpack-4.2.5/lib/action_dispatch/middleware/templates/rescues/_trace.html.erb (1.9ms)
  Rendered /Users/Jarvis001/.rvm/gems/ruby-2.3.0/gems/actionpack-4.2.5/lib/action_dispatch/middleware/templates/rescues/_request_and_response.html.erb (10.7ms)
  Rendered /Users/Jarvis001/.rvm/gems/ruby-2.3.0/gems/actionpack-4.2.5/lib/action_dispatch/middleware/templates/rescues/diagnostics.html.erb within rescues/layout (51.4ms)
  Rendered /Users/Jarvis001/.rvm/gems/ruby-2.3.0/gems/web-console-2.3.0/lib/web_console/templates/_markup.html.erb (0.6ms)
  Rendered /Users/Jarvis001/.rvm/gems/ruby-2.3.0/gems/web-console-2.3.0/lib/web_console/templates/_inner_console_markup.html.erb within layouts/inlined_string (0.3ms)
  Rendered /Users/Jarvis001/.rvm/gems/ruby-2.3.0/gems/web-console-2.3.0/lib/web_console/templates/_prompt_box_markup.html.erb within layouts/inlined_string (0.3ms)
  Rendered /Users/Jarvis001/.rvm/gems/ruby-2.3.0/gems/web-console-2.3.0/lib/web_console/templates/style.css.erb within layouts/inlined_string (0.5ms)
  Rendered /Users/Jarvis001/.rvm/gems/ruby-2.3.0/gems/web-console-2.3.0/lib/web_console/templates/console.js.erb within layouts/javascript (49.5ms)
  Rendered /Users/Jarvis001/.rvm/gems/ruby-2.3.0/gems/web-console-2.3.0/lib/web_console/templates/main.js.erb within layouts/javascript (0.3ms)
  Rendered /Users/Jarvis001/.rvm/gems/ruby-2.3.0/gems/web-console-2.3.0/lib/web_console/templates/error_page.js.erb within layouts/javascript (0.4ms)
  Rendered /Users/Jarvis001/.rvm/gems/ruby-2.3.0/gems/web-console-2.3.0/lib/web_console/templates/index.html.erb (103.4ms)


Started GET "/sandwiches/1" for ::1 at 2016-05-09 15:16:59 +0200
Processing by SandwichesController#show as */*
  Parameters: {"id"=>"1"}
  [1m[36mSandwich Load (0.2ms)[0m  [1mSELECT  "sandwiches".* FROM "sandwiches" WHERE "sandwiches"."id" = ? LIMIT 1[0m  [["id", 1]]
  [1m[35mIngredient Load (0.2ms)[0m  SELECT "ingredients".* FROM "ingredients" INNER JOIN "sandwich_ingredients" ON "ingredients"."id" = "sandwich_ingredients"."ingredient_id" WHERE "sandwich_ingredients"."sandwich_id" = ?  [["sandwich_id", 1]]
Completed 200 OK in 80ms (Views: 60.9ms | ActiveRecord: 1.5ms)


Started POST "/sandwiches/1/ingredients/add" for ::1 at 2016-05-09 15:23:49 +0200
Processing by SandwichesController#add as */*
  Parameters: {"ingredient"=>{"name"=>"morena", "calories"=>"500"}, "id"=>"1"}
Can't verify CSRF token authenticity
  [1m[36mSandwich Load (0.1ms)[0m  [1mSELECT  "sandwiches".* FROM "sandwiches" WHERE "sandwiches"."id" = ? LIMIT 1[0m  [["id", 1]]
  [1m[35m (0.0ms)[0m  begin transaction
  [1m[36mSQL (0.7ms)[0m  [1mINSERT INTO "ingredients" ("name", "calories", "created_at", "updated_at") VALUES (?, ?, ?, ?)[0m  [["name", "morena"], ["calories", 500], ["created_at", "2016-05-09 13:23:49.228513"], ["updated_at", "2016-05-09 13:23:49.228513"]]
  [1m[35mSQL (0.2ms)[0m  INSERT INTO "sandwich_ingredients" ("sandwich_id", "ingredient_id", "created_at", "updated_at") VALUES (?, ?, ?, ?)  [["sandwich_id", 1], ["ingredient_id", 2], ["created_at", "2016-05-09 13:23:49.236648"], ["updated_at", "2016-05-09 13:23:49.236648"]]
  [1m[36m (1.6ms)[0m  [1mcommit transaction[0m
Completed 200 OK in 30ms (Views: 0.3ms | ActiveRecord: 3.3ms)


Started GET "/sandwiches/1" for ::1 at 2016-05-09 15:23:59 +0200
Processing by SandwichesController#show as */*
  Parameters: {"id"=>"1"}
  [1m[35mSandwich Load (0.2ms)[0m  SELECT  "sandwiches".* FROM "sandwiches" WHERE "sandwiches"."id" = ? LIMIT 1  [["id", 1]]
  [1m[36mIngredient Load (0.2ms)[0m  [1mSELECT "ingredients".* FROM "ingredients" INNER JOIN "sandwich_ingredients" ON "ingredients"."id" = "sandwich_ingredients"."ingredient_id" WHERE "sandwich_ingredients"."sandwich_id" = ?[0m  [["sandwich_id", 1]]
Completed 200 OK in 5ms (Views: 3.6ms | ActiveRecord: 0.4ms)


Started GET "/sandwiches/1" for ::1 at 2016-05-09 15:27:47 +0200
Processing by SandwichesController#show as */*
  Parameters: {"id"=>"1"}
  [1m[35mSandwich Load (0.1ms)[0m  SELECT  "sandwiches".* FROM "sandwiches" WHERE "sandwiches"."id" = ? LIMIT 1  [["id", 1]]
  [1m[36mIngredient Load (0.5ms)[0m  [1mSELECT "ingredients".* FROM "ingredients" INNER JOIN "sandwich_ingredients" ON "ingredients"."id" = "sandwich_ingredients"."ingredient_id" WHERE "sandwich_ingredients"."sandwich_id" = ?[0m  [["sandwich_id", 1]]
Completed 500 Internal Server Error in 28ms (ActiveRecord: 1.4ms)

NoMethodError (undefined method `+' for #<Ingredient:0x007fa6d97e1918>):
  app/models/sandwich.rb:10:in `block in total_calories'
  app/models/sandwich.rb:10:in `total_calories'
  app/models/sandwich.rb:7:in `as_json'
  app/controllers/sandwiches_controller.rb:19:in `show'


  Rendered /Users/Jarvis001/.rvm/gems/ruby-2.3.0/gems/actionpack-4.2.5/lib/action_dispatch/middleware/templates/rescues/_source.erb (5.2ms)
  Rendered /Users/Jarvis001/.rvm/gems/ruby-2.3.0/gems/actionpack-4.2.5/lib/action_dispatch/middleware/templates/rescues/_trace.html.erb (2.0ms)
  Rendered /Users/Jarvis001/.rvm/gems/ruby-2.3.0/gems/actionpack-4.2.5/lib/action_dispatch/middleware/templates/rescues/_request_and_response.html.erb (0.8ms)
  Rendered /Users/Jarvis001/.rvm/gems/ruby-2.3.0/gems/actionpack-4.2.5/lib/action_dispatch/middleware/templates/rescues/diagnostics.html.erb within rescues/layout (41.6ms)
  Rendered /Users/Jarvis001/.rvm/gems/ruby-2.3.0/gems/web-console-2.3.0/lib/web_console/templates/_markup.html.erb (0.2ms)
  Rendered /Users/Jarvis001/.rvm/gems/ruby-2.3.0/gems/web-console-2.3.0/lib/web_console/templates/_inner_console_markup.html.erb within layouts/inlined_string (0.2ms)
  Rendered /Users/Jarvis001/.rvm/gems/ruby-2.3.0/gems/web-console-2.3.0/lib/web_console/templates/_prompt_box_markup.html.erb within layouts/inlined_string (0.3ms)
  Rendered /Users/Jarvis001/.rvm/gems/ruby-2.3.0/gems/web-console-2.3.0/lib/web_console/templates/style.css.erb within layouts/inlined_string (0.3ms)
  Rendered /Users/Jarvis001/.rvm/gems/ruby-2.3.0/gems/web-console-2.3.0/lib/web_console/templates/console.js.erb within layouts/javascript (31.9ms)
  Rendered /Users/Jarvis001/.rvm/gems/ruby-2.3.0/gems/web-console-2.3.0/lib/web_console/templates/main.js.erb within layouts/javascript (0.2ms)
  Rendered /Users/Jarvis001/.rvm/gems/ruby-2.3.0/gems/web-console-2.3.0/lib/web_console/templates/error_page.js.erb within layouts/javascript (0.3ms)
  Rendered /Users/Jarvis001/.rvm/gems/ruby-2.3.0/gems/web-console-2.3.0/lib/web_console/templates/index.html.erb (69.1ms)


Started GET "/sandwiches/1" for ::1 at 2016-05-09 15:28:24 +0200
Processing by SandwichesController#show as */*
  Parameters: {"id"=>"1"}
  [1m[35mSandwich Load (0.2ms)[0m  SELECT  "sandwiches".* FROM "sandwiches" WHERE "sandwiches"."id" = ? LIMIT 1  [["id", 1]]
  [1m[36mIngredient Load (0.3ms)[0m  [1mSELECT "ingredients".* FROM "ingredients" INNER JOIN "sandwich_ingredients" ON "ingredients"."id" = "sandwich_ingredients"."ingredient_id" WHERE "sandwich_ingredients"."sandwich_id" = ?[0m  [["sandwich_id", 1]]
Completed 200 OK in 24ms (Views: 16.0ms | ActiveRecord: 1.8ms)


Started GET "/sandwiched/1" for ::1 at 2016-05-09 15:59:29 +0200
  [1m[36mActiveRecord::SchemaMigration Load (0.1ms)[0m  [1mSELECT "schema_migrations".* FROM "schema_migrations"[0m

ActionController::RoutingError (No route matches [GET] "/sandwiched/1"):
  actionpack (4.2.5) lib/action_dispatch/middleware/debug_exceptions.rb:21:in `call'
  web-console (2.3.0) lib/web_console/middleware.rb:28:in `block in call'
  web-console (2.3.0) lib/web_console/middleware.rb:18:in `catch'
  web-console (2.3.0) lib/web_console/middleware.rb:18:in `call'
  actionpack (4.2.5) lib/action_dispatch/middleware/show_exceptions.rb:30:in `call'
  railties (4.2.5) lib/rails/rack/logger.rb:38:in `call_app'
  railties (4.2.5) lib/rails/rack/logger.rb:20:in `block in call'
  activesupport (4.2.5) lib/active_support/tagged_logging.rb:68:in `block in tagged'
  activesupport (4.2.5) lib/active_support/tagged_logging.rb:26:in `tagged'
  activesupport (4.2.5) lib/active_support/tagged_logging.rb:68:in `tagged'
  railties (4.2.5) lib/rails/rack/logger.rb:20:in `call'
  actionpack (4.2.5) lib/action_dispatch/middleware/request_id.rb:21:in `call'
  rack (1.6.4) lib/rack/methodoverride.rb:22:in `call'
  rack (1.6.4) lib/rack/runtime.rb:18:in `call'
  activesupport (4.2.5) lib/active_support/cache/strategy/local_cache_middleware.rb:28:in `call'
  rack (1.6.4) lib/rack/lock.rb:17:in `call'
  actionpack (4.2.5) lib/action_dispatch/middleware/static.rb:116:in `call'
  rack (1.6.4) lib/rack/sendfile.rb:113:in `call'
  railties (4.2.5) lib/rails/engine.rb:518:in `call'
  railties (4.2.5) lib/rails/application.rb:165:in `call'
  rack (1.6.4) lib/rack/lock.rb:17:in `call'
  rack (1.6.4) lib/rack/content_length.rb:15:in `call'
  rack (1.6.4) lib/rack/handler/webrick.rb:88:in `service'
  /Users/mikelgarcia/.rvm/rubies/ruby-2.2.1/lib/ruby/2.2.0/webrick/httpserver.rb:138:in `service'
  /Users/mikelgarcia/.rvm/rubies/ruby-2.2.1/lib/ruby/2.2.0/webrick/httpserver.rb:94:in `run'
  /Users/mikelgarcia/.rvm/rubies/ruby-2.2.1/lib/ruby/2.2.0/webrick/server.rb:294:in `block in start_thread'


  Rendered /Users/mikelgarcia/.rvm/gems/ruby-2.2.1/gems/actionpack-4.2.5/lib/action_dispatch/middleware/templates/rescues/_trace.html.erb (1.3ms)
  Rendered /Users/mikelgarcia/.rvm/gems/ruby-2.2.1/gems/actionpack-4.2.5/lib/action_dispatch/middleware/templates/routes/_route.html.erb (1.1ms)
  Rendered /Users/mikelgarcia/.rvm/gems/ruby-2.2.1/gems/actionpack-4.2.5/lib/action_dispatch/middleware/templates/routes/_table.html.erb (4.7ms)
  Rendered /Users/mikelgarcia/.rvm/gems/ruby-2.2.1/gems/actionpack-4.2.5/lib/action_dispatch/middleware/templates/rescues/_request_and_response.html.erb (7.8ms)
  Rendered /Users/mikelgarcia/.rvm/gems/ruby-2.2.1/gems/actionpack-4.2.5/lib/action_dispatch/middleware/templates/rescues/routing_error.html.erb within rescues/layout (85.3ms)
  Rendered /Users/mikelgarcia/.rvm/gems/ruby-2.2.1/gems/web-console-2.3.0/lib/web_console/templates/_markup.html.erb (0.3ms)
  Rendered /Users/mikelgarcia/.rvm/gems/ruby-2.2.1/gems/web-console-2.3.0/lib/web_console/templates/_inner_console_markup.html.erb within layouts/inlined_string (0.3ms)
  Rendered /Users/mikelgarcia/.rvm/gems/ruby-2.2.1/gems/web-console-2.3.0/lib/web_console/templates/_prompt_box_markup.html.erb within layouts/inlined_string (0.3ms)
  Rendered /Users/mikelgarcia/.rvm/gems/ruby-2.2.1/gems/web-console-2.3.0/lib/web_console/templates/style.css.erb within layouts/inlined_string (0.3ms)
  Rendered /Users/mikelgarcia/.rvm/gems/ruby-2.2.1/gems/web-console-2.3.0/lib/web_console/templates/console.js.erb within layouts/javascript (43.2ms)
  Rendered /Users/mikelgarcia/.rvm/gems/ruby-2.2.1/gems/web-console-2.3.0/lib/web_console/templates/main.js.erb within layouts/javascript (0.4ms)
  Rendered /Users/mikelgarcia/.rvm/gems/ruby-2.2.1/gems/web-console-2.3.0/lib/web_console/templates/error_page.js.erb within layouts/javascript (1.2ms)
  Rendered /Users/mikelgarcia/.rvm/gems/ruby-2.2.1/gems/web-console-2.3.0/lib/web_console/templates/index.html.erb (95.9ms)


Started GET "/sandwiches/1" for ::1 at 2016-05-09 15:59:39 +0200
Processing by SandwichesController#show as */*
  Parameters: {"id"=>"1"}
  [1m[35mSandwich Load (0.2ms)[0m  SELECT  "sandwiches".* FROM "sandwiches" WHERE "sandwiches"."id" = ? LIMIT 1  [["id", 1]]
  [1m[36mIngredient Load (0.2ms)[0m  [1mSELECT "ingredients".* FROM "ingredients" INNER JOIN "sandwich_ingredients" ON "ingredients"."id" = "sandwich_ingredients"."ingredient_id" WHERE "sandwich_ingredients"."sandwich_id" = ?[0m  [["sandwich_id", 1]]
Completed 200 OK in 71ms (Views: 43.4ms | ActiveRecord: 1.7ms)
